2024-08-22T11:57:17.403+03:30  INFO 27020 --- [log-generator] [main] c.l.l.LogGeneratorApplication            : Starting LogGeneratorApplication using Java 21.0.4 with PID 27020 (E:\learning\log-generator\target\classes started by Baran System in E:\learning\log-generator)
2024-08-22T11:57:17.409+03:30  INFO 27020 --- [log-generator] [main] c.l.l.LogGeneratorApplication            : No active profile set, falling back to 1 default profile: "default"
2024-08-22T11:57:25.268+03:30  INFO 27020 --- [log-generator] [main] c.l.l.LogGeneratorApplication            : Started LogGeneratorApplication in 8.845 seconds (process running for 10.277)
2024-08-22T12:00:21.372+03:30  INFO 26840 --- [log-generator] [main] c.l.l.LogGeneratorApplication            : Starting LogGeneratorApplication using Java 21.0.4 with PID 26840 (E:\learning\log-generator\target\classes started by Baran System in E:\learning\log-generator)
2024-08-22T12:00:21.380+03:30  INFO 26840 --- [log-generator] [main] c.l.l.LogGeneratorApplication            : No active profile set, falling back to 1 default profile: "default"
2024-08-22T12:00:29.269+03:30  INFO 26840 --- [log-generator] [main] c.l.l.LogGeneratorApplication            : Started LogGeneratorApplication in 8.902 seconds (process running for 10.481)
2024-08-22T12:00:40.739+03:30  INFO 26840 --- [log-generator] [http-nio-8080-exec-1] c.l.l.l.h.AllServicesLoggingHandler      : Process: execution(Page com.log_generator.log_generator.service.GeneratorService.getAllGenerator()) By User {Taken From Token} Start Time: 2024-08-22T12:00:40.125468400 End Time:2024-08-22T12:00:40.735474
2024-08-22T12:17:14.478+03:30  INFO 26840 --- [log-generator] [http-nio-8080-exec-4] c.l.l.l.h.AllServicesLoggingHandler      : Process: execution(Page com.log_generator.log_generator.service.GeneratorService.getAllGenerator()) By User {Taken From Token} Start Time: 2024-08-22T12:17:14.309331200 End Time:2024-08-22T12:17:14.468748200
2024-08-22T15:47:04.773+03:30  INFO 13092 --- [log-generator] [main] c.l.l.LogGeneratorApplication            : Starting LogGeneratorApplication using Java 21.0.4 with PID 13092 (E:\learning\LogManagerProject\SpringBoot\log-generator\target\classes started by Baran System in E:\learning\LogManagerProject\SpringBoot\log-generator)
2024-08-22T15:47:04.779+03:30  INFO 13092 --- [log-generator] [main] c.l.l.LogGeneratorApplication            : No active profile set, falling back to 1 default profile: "default"
2024-08-22T15:47:14.910+03:30  INFO 13092 --- [log-generator] [main] c.l.l.LogGeneratorApplication            : Started LogGeneratorApplication in 11.23 seconds (process running for 12.924)
2024-08-22T16:15:58.540+03:30  INFO 5740 --- [log-generator] [main] c.l.l.LogGeneratorApplication            : Starting LogGeneratorApplication using Java 21.0.4 with PID 5740 (E:\learning\LogManagerProject\SpringBoot\log-generator\target\classes started by Baran System in E:\learning\LogManagerProject\SpringBoot\log-generator)
2024-08-22T16:15:58.545+03:30  INFO 5740 --- [log-generator] [main] c.l.l.LogGeneratorApplication            : No active profile set, falling back to 1 default profile: "default"
2024-08-22T16:16:06.905+03:30  INFO 5740 --- [log-generator] [main] c.l.l.LogGeneratorApplication            : Started LogGeneratorApplication in 9.317 seconds (process running for 10.921)
2024-08-22T16:29:18.738+03:30  INFO 11160 --- [log-generator] [main] c.l.l.LogGeneratorApplication            : Starting LogGeneratorApplication using Java 21.0.4 with PID 11160 (E:\learning\LogManagerProject\SpringBoot\log-generator\target\classes started by Baran System in E:\learning\LogManagerProject\SpringBoot\log-generator)
2024-08-22T16:29:18.743+03:30  INFO 11160 --- [log-generator] [main] c.l.l.LogGeneratorApplication            : No active profile set, falling back to 1 default profile: "default"
2024-08-22T16:29:28.684+03:30  INFO 11160 --- [log-generator] [main] c.l.l.LogGeneratorApplication            : Started LogGeneratorApplication in 11.043 seconds (process running for 12.978)
2024-08-22T17:16:15.862+03:30  INFO 12480 --- [log-generator] [main] c.l.l.LogGeneratorApplication            : Starting LogGeneratorApplication using Java 21.0.4 with PID 12480 (E:\learning\LogManagerProject\SpringBoot\log-generator\target\classes started by Baran System in E:\learning\LogManagerProject\SpringBoot\log-generator)
2024-08-22T17:16:15.881+03:30  INFO 12480 --- [log-generator] [main] c.l.l.LogGeneratorApplication            : No active profile set, falling back to 1 default profile: "default"
2024-08-22T17:16:28.933+03:30  INFO 12480 --- [log-generator] [main] c.l.l.LogGeneratorApplication            : Started LogGeneratorApplication in 14.705 seconds (process running for 23.557)
2024-08-22T17:23:19.699+03:30  INFO 2120 --- [log-generator] [main] c.l.l.LogGeneratorApplication            : Starting LogGeneratorApplication using Java 21.0.4 with PID 2120 (E:\learning\LogManagerProject\SpringBoot\log-generator\target\classes started by Baran System in E:\learning\LogManagerProject\SpringBoot\log-generator)
2024-08-22T17:23:19.711+03:30  INFO 2120 --- [log-generator] [main] c.l.l.LogGeneratorApplication            : No active profile set, falling back to 1 default profile: "default"
2024-08-22T17:23:32.686+03:30  INFO 2120 --- [log-generator] [main] c.l.l.LogGeneratorApplication            : Started LogGeneratorApplication in 14.357 seconds (process running for 24.102)
2024-08-22T17:42:32.567+03:30  INFO 2120 --- [log-generator] [http-nio-8080-exec-1] c.l.l.l.h.AllServicesLoggingHandler      : Process: execution(Page com.log_generator.log_generator.service.GeneratorService.getAllGenerator()) By User {Taken From Token} Start Time: 2024-08-22T17:42:30.833623600 End Time:2024-08-22T17:42:32.560416100
2024-08-22T17:43:01.894+03:30  INFO 2120 --- [log-generator] [http-nio-8080-exec-5] c.l.l.l.h.AllServicesLoggingHandler      : Process: execution(Page com.log_generator.log_generator.service.GeneratorService.getAllGenerator()) By User {Taken From Token} Start Time: 2024-08-22T17:43:01.889426800 End Time:2024-08-22T17:43:01.894426400
2024-08-22T17:50:07.050+03:30  INFO 11100 --- [log-generator] [main] c.l.l.LogGeneratorApplication            : Starting LogGeneratorApplication using Java 21.0.4 with PID 11100 (E:\learning\LogManagerProject\SpringBoot\log-generator\target\classes started by Baran System in E:\learning\LogManagerProject\SpringBoot\log-generator)
2024-08-22T17:50:07.066+03:30  INFO 11100 --- [log-generator] [main] c.l.l.LogGeneratorApplication            : No active profile set, falling back to 1 default profile: "default"
2024-08-22T17:50:09.577+03:30  INFO 11100 --- [log-generator] [main] .s.d.r.c.RepositoryConfigurationDelegate : Bootstrapping Spring Data JPA repositories in DEFAULT mode.
2024-08-22T17:50:09.705+03:30  INFO 11100 --- [log-generator] [main] .s.d.r.c.RepositoryConfigurationDelegate : Finished Spring Data repository scanning in 108 ms. Found 1 JPA repository interface.
2024-08-22T17:50:11.311+03:30  INFO 11100 --- [log-generator] [main] o.s.b.w.embedded.tomcat.TomcatWebServer  : Tomcat initialized with port 8080 (http)
2024-08-22T17:50:11.349+03:30  INFO 11100 --- [log-generator] [main] o.apache.catalina.core.StandardService   : Starting service [Tomcat]
2024-08-22T17:50:11.350+03:30  INFO 11100 --- [log-generator] [main] o.apache.catalina.core.StandardEngine    : Starting Servlet engine: [Apache Tomcat/10.1.26]
2024-08-22T17:50:11.484+03:30  INFO 11100 --- [log-generator] [main] o.a.c.c.C.[Tomcat].[localhost].[/]       : Initializing Spring embedded WebApplicationContext
2024-08-22T17:50:11.485+03:30  INFO 11100 --- [log-generator] [main] w.s.c.ServletWebServerApplicationContext : Root WebApplicationContext: initialization completed in 4297 ms
2024-08-22T17:50:12.350+03:30  INFO 11100 --- [log-generator] [main] com.zaxxer.hikari.HikariDataSource       : HikariPool-1 - Starting...
2024-08-22T17:50:12.969+03:30  INFO 11100 --- [log-generator] [main] com.zaxxer.hikari.pool.HikariPool        : HikariPool-1 - Added connection com.mysql.cj.jdbc.ConnectionImpl@45f95ac0
2024-08-22T17:50:12.974+03:30  INFO 11100 --- [log-generator] [main] com.zaxxer.hikari.HikariDataSource       : HikariPool-1 - Start completed.
2024-08-22T17:50:13.106+03:30  INFO 11100 --- [log-generator] [main] o.hibernate.jpa.internal.util.LogHelper  : HHH000204: Processing PersistenceUnitInfo [name: default]
2024-08-22T17:50:13.352+03:30  INFO 11100 --- [log-generator] [main] org.hibernate.Version                    : HHH000412: Hibernate ORM core version 6.5.2.Final
2024-08-22T17:50:13.529+03:30  INFO 11100 --- [log-generator] [main] o.h.c.internal.RegionFactoryInitiator    : HHH000026: Second-level cache disabled
2024-08-22T17:50:14.279+03:30  INFO 11100 --- [log-generator] [main] o.s.o.j.p.SpringPersistenceUnitInfo      : No LoadTimeWeaver setup: ignoring JPA class transformer
2024-08-22T17:50:14.526+03:30  WARN 11100 --- [log-generator] [main] org.hibernate.orm.deprecation            : HHH90000025: MySQL8Dialect does not need to be specified explicitly using 'hibernate.dialect' (remove the property setting and it will be selected by default)
2024-08-22T17:50:14.529+03:30  WARN 11100 --- [log-generator] [main] org.hibernate.orm.deprecation            : HHH90000026: MySQL8Dialect has been deprecated; use org.hibernate.dialect.MySQLDialect instead
2024-08-22T17:50:16.526+03:30  INFO 11100 --- [log-generator] [main] o.h.e.t.j.p.i.JtaPlatformInitiator       : HHH000489: No JTA platform available (set 'hibernate.transaction.jta.platform' to enable JTA platform integration)
2024-08-22T17:50:16.535+03:30  INFO 11100 --- [log-generator] [main] j.LocalContainerEntityManagerFactoryBean : Initialized JPA EntityManagerFactory for persistence unit 'default'
2024-08-22T17:50:17.333+03:30  WARN 11100 --- [log-generator] [main] JpaBaseConfiguration$JpaWebConfiguration : spring.jpa.open-in-view is enabled by default. Therefore, database queries may be performed during view rendering. Explicitly configure spring.jpa.open-in-view to disable this warning
2024-08-22T17:50:19.078+03:30  INFO 11100 --- [log-generator] [main] o.s.b.a.e.web.EndpointLinksResolver      : Exposing 1 endpoint beneath base path '/actuator'
2024-08-22T17:50:19.286+03:30  INFO 11100 --- [log-generator] [main] o.s.b.w.embedded.tomcat.TomcatWebServer  : Tomcat started on port 8080 (http) with context path '/'
2024-08-22T17:50:19.306+03:30  INFO 11100 --- [log-generator] [main] c.l.l.LogGeneratorApplication            : Started LogGeneratorApplication in 13.464 seconds (process running for 23.455)
2024-08-22T17:52:32.678+03:30  INFO 11100 --- [log-generator] [http-nio-8080-exec-1] o.a.c.c.C.[Tomcat].[localhost].[/]       : Initializing Spring DispatcherServlet 'dispatcherServlet'
2024-08-22T17:52:32.678+03:30  INFO 11100 --- [log-generator] [http-nio-8080-exec-1] o.s.web.servlet.DispatcherServlet        : Initializing Servlet 'dispatcherServlet'
2024-08-22T17:52:32.681+03:30  INFO 11100 --- [log-generator] [http-nio-8080-exec-1] o.s.web.servlet.DispatcherServlet        : Completed initialization in 2 ms
2024-08-22T17:52:33.720+03:30  INFO 11100 --- [log-generator] [http-nio-8080-exec-1] c.l.l.l.h.AllServicesLoggingHandler      : Process: execution(Page com.log_generator.log_generator.service.GeneratorService.getAllGenerator()) By User {Taken From Token} Start Time: 2024-08-22T17:52:33.189639200 End Time:2024-08-22T17:52:33.717046
2024-08-22T17:52:33.921+03:30  WARN 11100 --- [log-generator] [http-nio-8080-exec-1] PageModule$PlainPageSerializationWarning : Serializing PageImpl instances as-is is not supported, meaning that there is no guarantee about the stability of the resulting JSON structure!
	For a stable JSON structure, please use Spring Data's PagedModel (globally via @EnableSpringDataWebSupport(pageSerializationMode = VIA_DTO))
	or Spring HATEOAS and Spring Data's PagedResourcesAssembler as documented in https://docs.spring.io/spring-data/commons/reference/repositories/core-extensions.html#core.web.pageables.

2024-08-22T17:52:35.885+03:30  INFO 11100 --- [log-generator] [http-nio-8080-exec-2] c.l.l.l.h.AllServicesLoggingHandler      : Process: execution(Page com.log_generator.log_generator.service.GeneratorService.getAllGenerator()) By User {Taken From Token} Start Time: 2024-08-22T17:52:35.880050700 End Time:2024-08-22T17:52:35.884051500
2024-08-22T17:52:36.976+03:30  INFO 11100 --- [log-generator] [http-nio-8080-exec-3] c.l.l.l.h.AllServicesLoggingHandler      : Process: execution(Page com.log_generator.log_generator.service.GeneratorService.getAllGenerator()) By User {Taken From Token} Start Time: 2024-08-22T17:52:36.971282600 End Time:2024-08-22T17:52:36.976279300
2024-08-22T17:52:37.226+03:30  INFO 11100 --- [log-generator] [http-nio-8080-exec-4] c.l.l.l.h.AllServicesLoggingHandler      : Process: execution(Page com.log_generator.log_generator.service.GeneratorService.getAllGenerator()) By User {Taken From Token} Start Time: 2024-08-22T17:52:37.221838500 End Time:2024-08-22T17:52:37.226837700
2024-08-22T17:52:37.432+03:30  INFO 11100 --- [log-generator] [http-nio-8080-exec-5] c.l.l.l.h.AllServicesLoggingHandler      : Process: execution(Page com.log_generator.log_generator.service.GeneratorService.getAllGenerator()) By User {Taken From Token} Start Time: 2024-08-22T17:52:37.426833 End Time:2024-08-22T17:52:37.432829700
2024-08-22T17:52:37.643+03:30  INFO 11100 --- [log-generator] [http-nio-8080-exec-6] c.l.l.l.h.AllServicesLoggingHandler      : Process: execution(Page com.log_generator.log_generator.service.GeneratorService.getAllGenerator()) By User {Taken From Token} Start Time: 2024-08-22T17:52:37.639377500 End Time:2024-08-22T17:52:37.643378100
2024-08-22T17:52:37.894+03:30  INFO 11100 --- [log-generator] [http-nio-8080-exec-7] c.l.l.l.h.AllServicesLoggingHandler      : Process: execution(Page com.log_generator.log_generator.service.GeneratorService.getAllGenerator()) By User {Taken From Token} Start Time: 2024-08-22T17:52:37.889012300 End Time:2024-08-22T17:52:37.894017
2024-08-22T17:52:38.144+03:30  INFO 11100 --- [log-generator] [http-nio-8080-exec-8] c.l.l.l.h.AllServicesLoggingHandler      : Process: execution(Page com.log_generator.log_generator.service.GeneratorService.getAllGenerator()) By User {Taken From Token} Start Time: 2024-08-22T17:52:38.139476600 End Time:2024-08-22T17:52:38.144473400
2024-08-22T17:52:38.339+03:30  INFO 11100 --- [log-generator] [http-nio-8080-exec-9] c.l.l.l.h.AllServicesLoggingHandler      : Process: execution(Page com.log_generator.log_generator.service.GeneratorService.getAllGenerator()) By User {Taken From Token} Start Time: 2024-08-22T17:52:38.333921100 End Time:2024-08-22T17:52:38.338917500
2024-08-22T17:52:38.541+03:30  INFO 11100 --- [log-generator] [http-nio-8080-exec-10] c.l.l.l.h.AllServicesLoggingHandler      : Process: execution(Page com.log_generator.log_generator.service.GeneratorService.getAllGenerator()) By User {Taken From Token} Start Time: 2024-08-22T17:52:38.537389400 End Time:2024-08-22T17:52:38.541388800
2024-08-22T17:52:38.727+03:30  INFO 11100 --- [log-generator] [http-nio-8080-exec-1] c.l.l.l.h.AllServicesLoggingHandler      : Process: execution(Page com.log_generator.log_generator.service.GeneratorService.getAllGenerator()) By User {Taken From Token} Start Time: 2024-08-22T17:52:38.723085300 End Time:2024-08-22T17:52:38.727102600
2024-08-22T17:52:38.941+03:30  INFO 11100 --- [log-generator] [http-nio-8080-exec-2] c.l.l.l.h.AllServicesLoggingHandler      : Process: execution(Page com.log_generator.log_generator.service.GeneratorService.getAllGenerator()) By User {Taken From Token} Start Time: 2024-08-22T17:52:38.936001200 End Time:2024-08-22T17:52:38.941999600
2024-08-22T17:52:39.141+03:30  INFO 11100 --- [log-generator] [http-nio-8080-exec-3] c.l.l.l.h.AllServicesLoggingHandler      : Process: execution(Page com.log_generator.log_generator.service.GeneratorService.getAllGenerator()) By User {Taken From Token} Start Time: 2024-08-22T17:52:39.136485700 End Time:2024-08-22T17:52:39.141476300
2024-08-22T17:52:39.393+03:30  INFO 11100 --- [log-generator] [http-nio-8080-exec-4] c.l.l.l.h.AllServicesLoggingHandler      : Process: execution(Page com.log_generator.log_generator.service.GeneratorService.getAllGenerator()) By User {Taken From Token} Start Time: 2024-08-22T17:52:39.387609300 End Time:2024-08-22T17:52:39.393705700
2024-08-22T17:52:39.638+03:30  INFO 11100 --- [log-generator] [http-nio-8080-exec-5] c.l.l.l.h.AllServicesLoggingHandler      : Process: execution(Page com.log_generator.log_generator.service.GeneratorService.getAllGenerator()) By User {Taken From Token} Start Time: 2024-08-22T17:52:39.633702300 End Time:2024-08-22T17:52:39.638700700
2024-08-22T17:52:39.894+03:30  INFO 11100 --- [log-generator] [http-nio-8080-exec-6] c.l.l.l.h.AllServicesLoggingHandler      : Process: execution(Page com.log_generator.log_generator.service.GeneratorService.getAllGenerator()) By User {Taken From Token} Start Time: 2024-08-22T17:52:39.890059700 End Time:2024-08-22T17:52:39.894060
2024-08-22T17:52:40.220+03:30  INFO 11100 --- [log-generator] [http-nio-8080-exec-7] c.l.l.l.h.AllServicesLoggingHandler      : Process: execution(Page com.log_generator.log_generator.service.GeneratorService.getAllGenerator()) By User {Taken From Token} Start Time: 2024-08-22T17:52:40.216671400 End Time:2024-08-22T17:52:40.220664700
2024-08-22T18:17:25.017+03:30  INFO 11100 --- [log-generator] [SpringApplicationShutdownHook] j.LocalContainerEntityManagerFactoryBean : Closing JPA EntityManagerFactory for persistence unit 'default'
2024-08-22T18:17:25.115+03:30  INFO 11100 --- [log-generator] [SpringApplicationShutdownHook] com.zaxxer.hikari.HikariDataSource       : HikariPool-1 - Shutdown initiated...
2024-08-22T18:17:25.218+03:30  INFO 11100 --- [log-generator] [SpringApplicationShutdownHook] com.zaxxer.hikari.HikariDataSource       : HikariPool-1 - Shutdown completed.
2024-08-22T18:17:43.839+03:30  INFO 7860 --- [log-generator] [main] c.l.l.LogGeneratorApplication            : Starting LogGeneratorApplication using Java 21.0.4 with PID 7860 (E:\learning\LogManagerProject\SpringBoot\log-generator\target\classes started by Baran System in E:\learning\LogManagerProject\SpringBoot\log-generator)
2024-08-22T18:17:43.853+03:30  INFO 7860 --- [log-generator] [main] c.l.l.LogGeneratorApplication            : No active profile set, falling back to 1 default profile: "default"
2024-08-22T18:17:46.196+03:30  INFO 7860 --- [log-generator] [main] .s.d.r.c.RepositoryConfigurationDelegate : Bootstrapping Spring Data JPA repositories in DEFAULT mode.
2024-08-22T18:17:46.312+03:30  INFO 7860 --- [log-generator] [main] .s.d.r.c.RepositoryConfigurationDelegate : Finished Spring Data repository scanning in 99 ms. Found 1 JPA repository interface.
2024-08-22T18:17:47.804+03:30  INFO 7860 --- [log-generator] [main] o.s.b.w.embedded.tomcat.TomcatWebServer  : Tomcat initialized with port 8080 (http)
2024-08-22T18:17:47.841+03:30  INFO 7860 --- [log-generator] [main] o.apache.catalina.core.StandardService   : Starting service [Tomcat]
2024-08-22T18:17:47.841+03:30  INFO 7860 --- [log-generator] [main] o.apache.catalina.core.StandardEngine    : Starting Servlet engine: [Apache Tomcat/10.1.26]
2024-08-22T18:17:47.958+03:30  INFO 7860 --- [log-generator] [main] o.a.c.c.C.[Tomcat].[localhost].[/]       : Initializing Spring embedded WebApplicationContext
2024-08-22T18:17:47.959+03:30  INFO 7860 --- [log-generator] [main] w.s.c.ServletWebServerApplicationContext : Root WebApplicationContext: initialization completed in 3964 ms
2024-08-22T18:17:48.838+03:30  INFO 7860 --- [log-generator] [main] com.zaxxer.hikari.HikariDataSource       : HikariPool-1 - Starting...
2024-08-22T18:17:49.392+03:30  INFO 7860 --- [log-generator] [main] com.zaxxer.hikari.pool.HikariPool        : HikariPool-1 - Added connection com.mysql.cj.jdbc.ConnectionImpl@45f95ac0
2024-08-22T18:17:49.397+03:30  INFO 7860 --- [log-generator] [main] com.zaxxer.hikari.HikariDataSource       : HikariPool-1 - Start completed.
2024-08-22T18:17:49.545+03:30  INFO 7860 --- [log-generator] [main] o.hibernate.jpa.internal.util.LogHelper  : HHH000204: Processing PersistenceUnitInfo [name: default]
2024-08-22T18:17:49.784+03:30  INFO 7860 --- [log-generator] [main] org.hibernate.Version                    : HHH000412: Hibernate ORM core version 6.5.2.Final
2024-08-22T18:17:49.886+03:30  INFO 7860 --- [log-generator] [main] o.h.c.internal.RegionFactoryInitiator    : HHH000026: Second-level cache disabled
2024-08-22T18:17:50.604+03:30  INFO 7860 --- [log-generator] [main] o.s.o.j.p.SpringPersistenceUnitInfo      : No LoadTimeWeaver setup: ignoring JPA class transformer
2024-08-22T18:17:50.845+03:30  WARN 7860 --- [log-generator] [main] org.hibernate.orm.deprecation            : HHH90000025: MySQL8Dialect does not need to be specified explicitly using 'hibernate.dialect' (remove the property setting and it will be selected by default)
2024-08-22T18:17:50.848+03:30  WARN 7860 --- [log-generator] [main] org.hibernate.orm.deprecation            : HHH90000026: MySQL8Dialect has been deprecated; use org.hibernate.dialect.MySQLDialect instead
2024-08-22T18:17:52.747+03:30  INFO 7860 --- [log-generator] [main] o.h.e.t.j.p.i.JtaPlatformInitiator       : HHH000489: No JTA platform available (set 'hibernate.transaction.jta.platform' to enable JTA platform integration)
2024-08-22T18:17:52.753+03:30  INFO 7860 --- [log-generator] [main] j.LocalContainerEntityManagerFactoryBean : Initialized JPA EntityManagerFactory for persistence unit 'default'
2024-08-22T18:17:53.632+03:30  WARN 7860 --- [log-generator] [main] JpaBaseConfiguration$JpaWebConfiguration : spring.jpa.open-in-view is enabled by default. Therefore, database queries may be performed during view rendering. Explicitly configure spring.jpa.open-in-view to disable this warning
2024-08-22T18:17:55.469+03:30  INFO 7860 --- [log-generator] [main] o.s.b.a.e.web.EndpointLinksResolver      : Exposing 1 endpoint beneath base path '/actuator'
2024-08-22T18:17:55.664+03:30  INFO 7860 --- [log-generator] [main] o.s.b.w.embedded.tomcat.TomcatWebServer  : Tomcat started on port 8080 (http) with context path '/'
2024-08-22T18:17:55.686+03:30  INFO 7860 --- [log-generator] [main] c.l.l.LogGeneratorApplication            : Started LogGeneratorApplication in 12.998 seconds (process running for 21.618)
2024-08-22T18:19:10.922+03:30  INFO 7860 --- [log-generator] [http-nio-8080-exec-1] o.a.c.c.C.[Tomcat].[localhost].[/]       : Initializing Spring DispatcherServlet 'dispatcherServlet'
2024-08-22T18:19:10.923+03:30  INFO 7860 --- [log-generator] [http-nio-8080-exec-1] o.s.web.servlet.DispatcherServlet        : Initializing Servlet 'dispatcherServlet'
2024-08-22T18:19:10.925+03:30  INFO 7860 --- [log-generator] [http-nio-8080-exec-1] o.s.web.servlet.DispatcherServlet        : Completed initialization in 2 ms
2024-08-22T18:19:11.963+03:30  INFO 7860 --- [log-generator] [http-nio-8080-exec-1] c.l.l.l.h.AllServicesLoggingHandler      : Process: execution(Page com.log_generator.log_generator.service.GeneratorService.getAllGenerator()) By User {Taken From Token} Start Time: 2024-08-22T18:19:11.472222 End Time:2024-08-22T18:19:11.959440500
2024-08-22T18:19:12.129+03:30  WARN 7860 --- [log-generator] [http-nio-8080-exec-1] PageModule$PlainPageSerializationWarning : Serializing PageImpl instances as-is is not supported, meaning that there is no guarantee about the stability of the resulting JSON structure!
	For a stable JSON structure, please use Spring Data's PagedModel (globally via @EnableSpringDataWebSupport(pageSerializationMode = VIA_DTO))
	or Spring HATEOAS and Spring Data's PagedResourcesAssembler as documented in https://docs.spring.io/spring-data/commons/reference/repositories/core-extensions.html#core.web.pageables.

2024-08-22T18:19:14.873+03:30  INFO 7860 --- [log-generator] [http-nio-8080-exec-2] c.l.l.l.h.AllServicesLoggingHandler      : Process: execution(Page com.log_generator.log_generator.service.GeneratorService.getAllGenerator()) By User {Taken From Token} Start Time: 2024-08-22T18:19:14.868593300 End Time:2024-08-22T18:19:14.873594100
2024-08-22T18:19:19.383+03:30  INFO 7860 --- [log-generator] [http-nio-8080-exec-5] c.l.l.l.h.AllServicesLoggingHandler      : Process: execution(Page com.log_generator.log_generator.service.GeneratorService.getAllGenerator()) By User {Taken From Token} Start Time: 2024-08-22T18:19:19.379121600 End Time:2024-08-22T18:19:19.383939700
2024-08-22T18:19:58.745+03:30  INFO 7860 --- [log-generator] [http-nio-8080-exec-8] c.l.l.l.h.AllServicesLoggingHandler      : Process: execution(Page com.log_generator.log_generator.service.GeneratorService.getAllGenerator()) By User {Taken From Token} Start Time: 2024-08-22T18:19:58.741514600 End Time:2024-08-22T18:19:58.745514100
2024-08-22T18:21:39.047+03:30  INFO 7860 --- [log-generator] [http-nio-8080-exec-2] c.l.l.l.h.AllServicesLoggingHandler      : Process: execution(Page com.log_generator.log_generator.service.GeneratorService.getAllGenerator()) By User {Taken From Token} Start Time: 2024-08-22T18:21:39.040740200 End Time:2024-08-22T18:21:39.046738800
2024-08-22T18:22:10.586+03:30  INFO 7860 --- [log-generator] [http-nio-8080-exec-6] c.l.l.l.h.AllServicesLoggingHandler      : Process: execution(Page com.log_generator.log_generator.service.GeneratorService.getAllGenerator()) By User {Taken From Token} Start Time: 2024-08-22T18:22:10.580197600 End Time:2024-08-22T18:22:10.585198700
2024-08-22T18:22:15.036+03:30  INFO 7860 --- [log-generator] [http-nio-8080-exec-7] c.l.l.l.h.AllServicesLoggingHandler      : Process: execution(Page com.log_generator.log_generator.service.GeneratorService.getAllGenerator()) By User {Taken From Token} Start Time: 2024-08-22T18:22:15.032508800 End Time:2024-08-22T18:22:15.036513300
2024-08-22T18:22:18.871+03:30  INFO 7860 --- [log-generator] [http-nio-8080-exec-8] c.l.l.l.h.AllServicesLoggingHandler      : Process: execution(Page com.log_generator.log_generator.service.GeneratorService.getAllGenerator()) By User {Taken From Token} Start Time: 2024-08-22T18:22:18.865450800 End Time:2024-08-22T18:22:18.871453100
2024-08-22T18:22:21.449+03:30  INFO 7860 --- [log-generator] [http-nio-8080-exec-1] c.l.l.l.h.AllServicesLoggingHandler      : Process: execution(Page com.log_generator.log_generator.service.GeneratorService.getAllGenerator()) By User {Taken From Token} Start Time: 2024-08-22T18:22:21.445205300 End Time:2024-08-22T18:22:21.448211500
2024-08-22T18:22:28.785+03:30  INFO 7860 --- [log-generator] [http-nio-8080-exec-2] c.l.l.l.h.AllServicesLoggingHandler      : Process: execution(Page com.log_generator.log_generator.service.GeneratorService.getAllGenerator()) By User {Taken From Token} Start Time: 2024-08-22T18:22:28.781731400 End Time:2024-08-22T18:22:28.785724300
2024-08-22T18:31:14.964+03:30  INFO 7860 --- [log-generator] [http-nio-8080-exec-5] c.l.l.l.h.AllServicesLoggingHandler      : Process: execution(Page com.log_generator.log_generator.service.GeneratorService.getAllGenerator()) By User {Taken From Token} Start Time: 2024-08-22T18:31:14.959034800 End Time:2024-08-22T18:31:14.964040400
2024-08-22T18:31:19.376+03:30  INFO 7860 --- [log-generator] [http-nio-8080-exec-6] c.l.l.l.h.AllServicesLoggingHandler      : Process: execution(Page com.log_generator.log_generator.service.GeneratorService.getAllGenerator()) By User {Taken From Token} Start Time: 2024-08-22T18:31:19.372094300 End Time:2024-08-22T18:31:19.376096100
2024-08-22T18:31:22.060+03:30  INFO 7860 --- [log-generator] [http-nio-8080-exec-7] c.l.l.l.h.AllServicesLoggingHandler      : Process: execution(Page com.log_generator.log_generator.service.GeneratorService.getAllGenerator()) By User {Taken From Token} Start Time: 2024-08-22T18:31:22.054665900 End Time:2024-08-22T18:31:22.060664500
2024-08-22T18:31:25.044+03:30  INFO 7860 --- [log-generator] [http-nio-8080-exec-8] c.l.l.l.h.AllServicesLoggingHandler      : Process: execution(Page com.log_generator.log_generator.service.GeneratorService.getAllGenerator()) By User {Taken From Token} Start Time: 2024-08-22T18:31:25.039594200 End Time:2024-08-22T18:31:25.044593400
2024-08-22T18:31:27.891+03:30  INFO 7860 --- [log-generator] [http-nio-8080-exec-10] c.l.l.l.h.AllServicesLoggingHandler      : Process: execution(Page com.log_generator.log_generator.service.GeneratorService.getAllGenerator()) By User {Taken From Token} Start Time: 2024-08-22T18:31:27.886360300 End Time:2024-08-22T18:31:27.891361600
2024-08-22T18:34:33.060+03:30  INFO 7860 --- [log-generator] [http-nio-8080-exec-2] c.l.l.l.h.AllServicesLoggingHandler      : Process: execution(Page com.log_generator.log_generator.service.GeneratorService.getAllGenerator()) By User {Taken From Token} Start Time: 2024-08-22T18:34:33.055136600 End Time:2024-08-22T18:34:33.060136600
2024-08-22T18:49:51.760+03:30  INFO 7860 --- [log-generator] [SpringApplicationShutdownHook] j.LocalContainerEntityManagerFactoryBean : Closing JPA EntityManagerFactory for persistence unit 'default'
2024-08-22T18:49:51.772+03:30  INFO 7860 --- [log-generator] [SpringApplicationShutdownHook] com.zaxxer.hikari.HikariDataSource       : HikariPool-1 - Shutdown initiated...
2024-08-22T18:49:51.787+03:30  INFO 7860 --- [log-generator] [SpringApplicationShutdownHook] com.zaxxer.hikari.HikariDataSource       : HikariPool-1 - Shutdown completed.
2024-08-22T18:50:20.505+03:30  INFO 9368 --- [log-generator] [main] c.l.l.LogGeneratorApplication            : Starting LogGeneratorApplication using Java 21.0.4 with PID 9368 (E:\learning\LogManagerProject\SpringBoot\log-generator\target\classes started by Baran System in E:\learning\LogManagerProject\SpringBoot\log-generator)
2024-08-22T18:50:20.520+03:30  INFO 9368 --- [log-generator] [main] c.l.l.LogGeneratorApplication            : No active profile set, falling back to 1 default profile: "default"
2024-08-22T18:50:23.550+03:30  INFO 9368 --- [log-generator] [main] .s.d.r.c.RepositoryConfigurationDelegate : Bootstrapping Spring Data JPA repositories in DEFAULT mode.
2024-08-22T18:50:23.704+03:30  INFO 9368 --- [log-generator] [main] .s.d.r.c.RepositoryConfigurationDelegate : Finished Spring Data repository scanning in 129 ms. Found 1 JPA repository interface.
2024-08-22T18:50:25.482+03:30  INFO 9368 --- [log-generator] [main] o.s.b.w.embedded.tomcat.TomcatWebServer  : Tomcat initialized with port 8080 (http)
2024-08-22T18:50:25.521+03:30  INFO 9368 --- [log-generator] [main] o.apache.catalina.core.StandardService   : Starting service [Tomcat]
2024-08-22T18:50:25.522+03:30  INFO 9368 --- [log-generator] [main] o.apache.catalina.core.StandardEngine    : Starting Servlet engine: [Apache Tomcat/10.1.26]
2024-08-22T18:50:25.653+03:30  INFO 9368 --- [log-generator] [main] o.a.c.c.C.[Tomcat].[localhost].[/]       : Initializing Spring embedded WebApplicationContext
2024-08-22T18:50:25.654+03:30  INFO 9368 --- [log-generator] [main] w.s.c.ServletWebServerApplicationContext : Root WebApplicationContext: initialization completed in 5009 ms
2024-08-22T18:50:26.629+03:30  INFO 9368 --- [log-generator] [main] com.zaxxer.hikari.HikariDataSource       : HikariPool-1 - Starting...
2024-08-22T18:50:27.404+03:30  INFO 9368 --- [log-generator] [main] com.zaxxer.hikari.pool.HikariPool        : HikariPool-1 - Added connection com.mysql.cj.jdbc.ConnectionImpl@1aa31454
2024-08-22T18:50:27.409+03:30  INFO 9368 --- [log-generator] [main] com.zaxxer.hikari.HikariDataSource       : HikariPool-1 - Start completed.
2024-08-22T18:50:27.554+03:30  INFO 9368 --- [log-generator] [main] o.hibernate.jpa.internal.util.LogHelper  : HHH000204: Processing PersistenceUnitInfo [name: default]
2024-08-22T18:50:27.904+03:30  INFO 9368 --- [log-generator] [main] org.hibernate.Version                    : HHH000412: Hibernate ORM core version 6.5.2.Final
2024-08-22T18:50:28.080+03:30  INFO 9368 --- [log-generator] [main] o.h.c.internal.RegionFactoryInitiator    : HHH000026: Second-level cache disabled
2024-08-22T18:50:29.033+03:30  INFO 9368 --- [log-generator] [main] o.s.o.j.p.SpringPersistenceUnitInfo      : No LoadTimeWeaver setup: ignoring JPA class transformer
2024-08-22T18:50:29.346+03:30  WARN 9368 --- [log-generator] [main] org.hibernate.orm.deprecation            : HHH90000025: MySQL8Dialect does not need to be specified explicitly using 'hibernate.dialect' (remove the property setting and it will be selected by default)
2024-08-22T18:50:29.348+03:30  WARN 9368 --- [log-generator] [main] org.hibernate.orm.deprecation            : HHH90000026: MySQL8Dialect has been deprecated; use org.hibernate.dialect.MySQLDialect instead
2024-08-22T18:50:34.686+03:30  INFO 9368 --- [log-generator] [main] o.h.e.t.j.p.i.JtaPlatformInitiator       : HHH000489: No JTA platform available (set 'hibernate.transaction.jta.platform' to enable JTA platform integration)
2024-08-22T18:50:34.716+03:30  INFO 9368 --- [log-generator] [main] j.LocalContainerEntityManagerFactoryBean : Initialized JPA EntityManagerFactory for persistence unit 'default'
2024-08-22T18:50:37.681+03:30  WARN 9368 --- [log-generator] [main] JpaBaseConfiguration$JpaWebConfiguration : spring.jpa.open-in-view is enabled by default. Therefore, database queries may be performed during view rendering. Explicitly configure spring.jpa.open-in-view to disable this warning
2024-08-22T18:50:39.890+03:30  INFO 9368 --- [log-generator] [main] o.s.b.a.e.web.EndpointLinksResolver      : Exposing 1 endpoint beneath base path '/actuator'
2024-08-22T18:50:40.084+03:30  INFO 9368 --- [log-generator] [main] o.s.b.w.embedded.tomcat.TomcatWebServer  : Tomcat started on port 8080 (http) with context path '/'
2024-08-22T18:50:40.110+03:30  INFO 9368 --- [log-generator] [main] c.l.l.LogGeneratorApplication            : Started LogGeneratorApplication in 22.596 seconds (process running for 33.804)
2024-08-22T18:51:39.755+03:30  INFO 9368 --- [log-generator] [http-nio-8080-exec-1] o.a.c.c.C.[Tomcat].[localhost].[/]       : Initializing Spring DispatcherServlet 'dispatcherServlet'
2024-08-22T18:51:39.756+03:30  INFO 9368 --- [log-generator] [http-nio-8080-exec-1] o.s.web.servlet.DispatcherServlet        : Initializing Servlet 'dispatcherServlet'
2024-08-22T18:51:39.759+03:30  INFO 9368 --- [log-generator] [http-nio-8080-exec-1] o.s.web.servlet.DispatcherServlet        : Completed initialization in 3 ms
2024-08-22T18:51:41.124+03:30 ERROR 9368 --- [log-generator] [http-nio-8080-exec-1] c.l.l.l.h.AllServicesLoggingHandler      : Process: execution(Page com.log_generator.log_generator.service.GeneratorService.getAllGenerator()) By User {Taken From Token} Start Time: 2024-08-22T18:51:40.477283200 End Time:2024-08-22T18:51:41.120239500
2024-08-22T18:51:41.390+03:30  WARN 9368 --- [log-generator] [http-nio-8080-exec-1] PageModule$PlainPageSerializationWarning : Serializing PageImpl instances as-is is not supported, meaning that there is no guarantee about the stability of the resulting JSON structure!
	For a stable JSON structure, please use Spring Data's PagedModel (globally via @EnableSpringDataWebSupport(pageSerializationMode = VIA_DTO))
	or Spring HATEOAS and Spring Data's PagedResourcesAssembler as documented in https://docs.spring.io/spring-data/commons/reference/repositories/core-extensions.html#core.web.pageables.

2024-08-22T18:51:55.954+03:30 ERROR 9368 --- [log-generator] [http-nio-8080-exec-4] c.l.l.l.h.AllServicesLoggingHandler      : Process: execution(Page com.log_generator.log_generator.service.GeneratorService.getAllGenerator()) By User {Taken From Token} Start Time: 2024-08-22T18:51:55.949570700 End Time:2024-08-22T18:51:55.954569400
2024-08-22T18:51:58.800+03:30 ERROR 9368 --- [log-generator] [http-nio-8080-exec-5] c.l.l.l.h.AllServicesLoggingHandler      : Process: execution(Page com.log_generator.log_generator.service.GeneratorService.getAllGenerator()) By User {Taken From Token} Start Time: 2024-08-22T18:51:58.796893700 End Time:2024-08-22T18:51:58.800893600
2024-08-22T18:51:59.500+03:30 ERROR 9368 --- [log-generator] [http-nio-8080-exec-6] c.l.l.l.h.AllServicesLoggingHandler      : Process: execution(Page com.log_generator.log_generator.service.GeneratorService.getAllGenerator()) By User {Taken From Token} Start Time: 2024-08-22T18:51:59.497477300 End Time:2024-08-22T18:51:59.500479700
2024-08-22T18:51:59.728+03:30 ERROR 9368 --- [log-generator] [http-nio-8080-exec-7] c.l.l.l.h.AllServicesLoggingHandler      : Process: execution(Page com.log_generator.log_generator.service.GeneratorService.getAllGenerator()) By User {Taken From Token} Start Time: 2024-08-22T18:51:59.723725800 End Time:2024-08-22T18:51:59.728746700
2024-08-22T18:51:59.921+03:30 ERROR 9368 --- [log-generator] [http-nio-8080-exec-8] c.l.l.l.h.AllServicesLoggingHandler      : Process: execution(Page com.log_generator.log_generator.service.GeneratorService.getAllGenerator()) By User {Taken From Token} Start Time: 2024-08-22T18:51:59.916705 End Time:2024-08-22T18:51:59.921704500
2024-08-22T18:52:00.117+03:30 ERROR 9368 --- [log-generator] [http-nio-8080-exec-9] c.l.l.l.h.AllServicesLoggingHandler      : Process: execution(Page com.log_generator.log_generator.service.GeneratorService.getAllGenerator()) By User {Taken From Token} Start Time: 2024-08-22T18:52:00.109627 End Time:2024-08-22T18:52:00.117630300
2024-08-22T18:52:00.283+03:30 ERROR 9368 --- [log-generator] [http-nio-8080-exec-10] c.l.l.l.h.AllServicesLoggingHandler      : Process: execution(Page com.log_generator.log_generator.service.GeneratorService.getAllGenerator()) By User {Taken From Token} Start Time: 2024-08-22T18:52:00.276288300 End Time:2024-08-22T18:52:00.282291300
2024-08-22T18:52:00.461+03:30 ERROR 9368 --- [log-generator] [http-nio-8080-exec-1] c.l.l.l.h.AllServicesLoggingHandler      : Process: execution(Page com.log_generator.log_generator.service.GeneratorService.getAllGenerator()) By User {Taken From Token} Start Time: 2024-08-22T18:52:00.457820100 End Time:2024-08-22T18:52:00.460820700
2024-08-22T18:52:00.665+03:30 ERROR 9368 --- [log-generator] [http-nio-8080-exec-3] c.l.l.l.h.AllServicesLoggingHandler      : Process: execution(Page com.log_generator.log_generator.service.GeneratorService.getAllGenerator()) By User {Taken From Token} Start Time: 2024-08-22T18:52:00.659108700 End Time:2024-08-22T18:52:00.664103500
2024-08-22T18:52:00.851+03:30 ERROR 9368 --- [log-generator] [http-nio-8080-exec-2] c.l.l.l.h.AllServicesLoggingHandler      : Process: execution(Page com.log_generator.log_generator.service.GeneratorService.getAllGenerator()) By User {Taken From Token} Start Time: 2024-08-22T18:52:00.845382 End Time:2024-08-22T18:52:00.850384200
2024-08-22T18:52:01.036+03:30 ERROR 9368 --- [log-generator] [http-nio-8080-exec-4] c.l.l.l.h.AllServicesLoggingHandler      : Process: execution(Page com.log_generator.log_generator.service.GeneratorService.getAllGenerator()) By User {Taken From Token} Start Time: 2024-08-22T18:52:01.032608 End Time:2024-08-22T18:52:01.036606
2024-08-22T18:52:01.234+03:30 ERROR 9368 --- [log-generator] [http-nio-8080-exec-5] c.l.l.l.h.AllServicesLoggingHandler      : Process: execution(Page com.log_generator.log_generator.service.GeneratorService.getAllGenerator()) By User {Taken From Token} Start Time: 2024-08-22T18:52:01.226100800 End Time:2024-08-22T18:52:01.234097
2024-08-22T18:52:01.395+03:30 ERROR 9368 --- [log-generator] [http-nio-8080-exec-6] c.l.l.l.h.AllServicesLoggingHandler      : Process: execution(Page com.log_generator.log_generator.service.GeneratorService.getAllGenerator()) By User {Taken From Token} Start Time: 2024-08-22T18:52:01.391096400 End Time:2024-08-22T18:52:01.395099900
2024-08-22T18:52:01.627+03:30 ERROR 9368 --- [log-generator] [http-nio-8080-exec-7] c.l.l.l.h.AllServicesLoggingHandler      : Process: execution(Page com.log_generator.log_generator.service.GeneratorService.getAllGenerator()) By User {Taken From Token} Start Time: 2024-08-22T18:52:01.622628700 End Time:2024-08-22T18:52:01.626629100
2024-08-22T18:57:53.022+03:30 ERROR 9368 --- [log-generator] [http-nio-8080-exec-10] c.l.l.l.h.AllServicesLoggingHandler      : Process: execution(Page com.log_generator.log_generator.service.GeneratorService.getAllGenerator()) By User {Taken From Token} Start Time: 2024-08-22T18:57:53.013438900 End Time:2024-08-22T18:57:53.022439
2024-08-22T18:57:53.248+03:30 ERROR 9368 --- [log-generator] [http-nio-8080-exec-1] c.l.l.l.h.AllServicesLoggingHandler      : Process: execution(Page com.log_generator.log_generator.service.GeneratorService.getAllGenerator()) By User {Taken From Token} Start Time: 2024-08-22T18:57:53.243510400 End Time:2024-08-22T18:57:53.248516100
2024-08-22T18:57:54.022+03:30 ERROR 9368 --- [log-generator] [http-nio-8080-exec-3] c.l.l.l.h.AllServicesLoggingHandler      : Process: execution(Page com.log_generator.log_generator.service.GeneratorService.getAllGenerator()) By User {Taken From Token} Start Time: 2024-08-22T18:57:53.648847500 End Time:2024-08-22T18:57:54.022635400
2024-08-22T18:57:54.207+03:30 ERROR 9368 --- [log-generator] [http-nio-8080-exec-2] c.l.l.l.h.AllServicesLoggingHandler      : Process: execution(Page com.log_generator.log_generator.service.GeneratorService.getAllGenerator()) By User {Taken From Token} Start Time: 2024-08-22T18:57:54.202216700 End Time:2024-08-22T18:57:54.207208
2024-08-22T18:57:54.392+03:30 ERROR 9368 --- [log-generator] [http-nio-8080-exec-4] c.l.l.l.h.AllServicesLoggingHandler      : Process: execution(Page com.log_generator.log_generator.service.GeneratorService.getAllGenerator()) By User {Taken From Token} Start Time: 2024-08-22T18:57:54.388312400 End Time:2024-08-22T18:57:54.392429700
2024-08-22T18:57:54.558+03:30 ERROR 9368 --- [log-generator] [http-nio-8080-exec-5] c.l.l.l.h.AllServicesLoggingHandler      : Process: execution(Page com.log_generator.log_generator.service.GeneratorService.getAllGenerator()) By User {Taken From Token} Start Time: 2024-08-22T18:57:54.551687700 End Time:2024-08-22T18:57:54.558684600
2024-08-22T18:57:54.764+03:30 ERROR 9368 --- [log-generator] [http-nio-8080-exec-6] c.l.l.l.h.AllServicesLoggingHandler      : Process: execution(Page com.log_generator.log_generator.service.GeneratorService.getAllGenerator()) By User {Taken From Token} Start Time: 2024-08-22T18:57:54.760092900 End Time:2024-08-22T18:57:54.764780500
2024-08-22T18:57:54.943+03:30 ERROR 9368 --- [log-generator] [http-nio-8080-exec-7] c.l.l.l.h.AllServicesLoggingHandler      : Process: execution(Page com.log_generator.log_generator.service.GeneratorService.getAllGenerator()) By User {Taken From Token} Start Time: 2024-08-22T18:57:54.940295 End Time:2024-08-22T18:57:54.943298200
2024-08-22T18:57:55.136+03:30 ERROR 9368 --- [log-generator] [http-nio-8080-exec-9] c.l.l.l.h.AllServicesLoggingHandler      : Process: execution(Page com.log_generator.log_generator.service.GeneratorService.getAllGenerator()) By User {Taken From Token} Start Time: 2024-08-22T18:57:55.132278900 End Time:2024-08-22T18:57:55.136278600
2024-08-22T18:57:55.316+03:30 ERROR 9368 --- [log-generator] [http-nio-8080-exec-8] c.l.l.l.h.AllServicesLoggingHandler      : Process: execution(Page com.log_generator.log_generator.service.GeneratorService.getAllGenerator()) By User {Taken From Token} Start Time: 2024-08-22T18:57:55.310138800 End Time:2024-08-22T18:57:55.315032300
2024-08-22T18:57:55.510+03:30 ERROR 9368 --- [log-generator] [http-nio-8080-exec-10] c.l.l.l.h.AllServicesLoggingHandler      : Process: execution(Page com.log_generator.log_generator.service.GeneratorService.getAllGenerator()) By User {Taken From Token} Start Time: 2024-08-22T18:57:55.501487100 End Time:2024-08-22T18:57:55.509488300
2024-08-22T18:57:55.696+03:30 ERROR 9368 --- [log-generator] [http-nio-8080-exec-1] c.l.l.l.h.AllServicesLoggingHandler      : Process: execution(Page com.log_generator.log_generator.service.GeneratorService.getAllGenerator()) By User {Taken From Token} Start Time: 2024-08-22T18:57:55.691189900 End Time:2024-08-22T18:57:55.696190
2024-08-22T18:57:55.893+03:30 ERROR 9368 --- [log-generator] [http-nio-8080-exec-3] c.l.l.l.h.AllServicesLoggingHandler      : Process: execution(Page com.log_generator.log_generator.service.GeneratorService.getAllGenerator()) By User {Taken From Token} Start Time: 2024-08-22T18:57:55.888414800 End Time:2024-08-22T18:57:55.893419800
2024-08-22T18:57:56.087+03:30 ERROR 9368 --- [log-generator] [http-nio-8080-exec-2] c.l.l.l.h.AllServicesLoggingHandler      : Process: execution(Page com.log_generator.log_generator.service.GeneratorService.getAllGenerator()) By User {Taken From Token} Start Time: 2024-08-22T18:57:56.081416800 End Time:2024-08-22T18:57:56.087418300
2024-08-22T18:57:56.285+03:30 ERROR 9368 --- [log-generator] [http-nio-8080-exec-4] c.l.l.l.h.AllServicesLoggingHandler      : Process: execution(Page com.log_generator.log_generator.service.GeneratorService.getAllGenerator()) By User {Taken From Token} Start Time: 2024-08-22T18:57:56.280762800 End Time:2024-08-22T18:57:56.285763900
2024-08-22T18:57:56.597+03:30 ERROR 9368 --- [log-generator] [http-nio-8080-exec-5] c.l.l.l.h.AllServicesLoggingHandler      : Process: execution(Page com.log_generator.log_generator.service.GeneratorService.getAllGenerator()) By User {Taken From Token} Start Time: 2024-08-22T18:57:56.591834100 End Time:2024-08-22T18:57:56.597836400
2024-08-22T18:57:56.769+03:30 ERROR 9368 --- [log-generator] [http-nio-8080-exec-6] c.l.l.l.h.AllServicesLoggingHandler      : Process: execution(Page com.log_generator.log_generator.service.GeneratorService.getAllGenerator()) By User {Taken From Token} Start Time: 2024-08-22T18:57:56.764782300 End Time:2024-08-22T18:57:56.769782200
2024-08-22T18:57:56.931+03:30 ERROR 9368 --- [log-generator] [http-nio-8080-exec-7] c.l.l.l.h.AllServicesLoggingHandler      : Process: execution(Page com.log_generator.log_generator.service.GeneratorService.getAllGenerator()) By User {Taken From Token} Start Time: 2024-08-22T18:57:56.925158800 End Time:2024-08-22T18:57:56.930152
2024-08-22T18:57:57.086+03:30 ERROR 9368 --- [log-generator] [http-nio-8080-exec-9] c.l.l.l.h.AllServicesLoggingHandler      : Process: execution(Page com.log_generator.log_generator.service.GeneratorService.getAllGenerator()) By User {Taken From Token} Start Time: 2024-08-22T18:57:57.082803700 End Time:2024-08-22T18:57:57.085805400
2024-08-22T18:57:57.235+03:30 ERROR 9368 --- [log-generator] [http-nio-8080-exec-8] c.l.l.l.h.AllServicesLoggingHandler      : Process: execution(Page com.log_generator.log_generator.service.GeneratorService.getAllGenerator()) By User {Taken From Token} Start Time: 2024-08-22T18:57:57.230807100 End Time:2024-08-22T18:57:57.235811100
2024-08-22T18:57:57.404+03:30 ERROR 9368 --- [log-generator] [http-nio-8080-exec-10] c.l.l.l.h.AllServicesLoggingHandler      : Process: execution(Page com.log_generator.log_generator.service.GeneratorService.getAllGenerator()) By User {Taken From Token} Start Time: 2024-08-22T18:57:57.399804100 End Time:2024-08-22T18:57:57.404804800
2024-08-22T18:57:57.541+03:30 ERROR 9368 --- [log-generator] [http-nio-8080-exec-1] c.l.l.l.h.AllServicesLoggingHandler      : Process: execution(Page com.log_generator.log_generator.service.GeneratorService.getAllGenerator()) By User {Taken From Token} Start Time: 2024-08-22T18:57:57.536808100 End Time:2024-08-22T18:57:57.541810
2024-08-22T18:57:57.698+03:30 ERROR 9368 --- [log-generator] [http-nio-8080-exec-3] c.l.l.l.h.AllServicesLoggingHandler      : Process: execution(Page com.log_generator.log_generator.service.GeneratorService.getAllGenerator()) By User {Taken From Token} Start Time: 2024-08-22T18:57:57.693806700 End Time:2024-08-22T18:57:57.698809800
2024-08-22T18:57:57.853+03:30 ERROR 9368 --- [log-generator] [http-nio-8080-exec-2] c.l.l.l.h.AllServicesLoggingHandler      : Process: execution(Page com.log_generator.log_generator.service.GeneratorService.getAllGenerator()) By User {Taken From Token} Start Time: 2024-08-22T18:57:57.848811200 End Time:2024-08-22T18:57:57.853809100
2024-08-22T18:57:58.026+03:30 ERROR 9368 --- [log-generator] [http-nio-8080-exec-4] c.l.l.l.h.AllServicesLoggingHandler      : Process: execution(Page com.log_generator.log_generator.service.GeneratorService.getAllGenerator()) By User {Taken From Token} Start Time: 2024-08-22T18:57:58.022694900 End Time:2024-08-22T18:57:58.026697
2024-08-22T18:57:58.190+03:30 ERROR 9368 --- [log-generator] [http-nio-8080-exec-5] c.l.l.l.h.AllServicesLoggingHandler      : Process: execution(Page com.log_generator.log_generator.service.GeneratorService.getAllGenerator()) By User {Taken From Token} Start Time: 2024-08-22T18:57:58.185947 End Time:2024-08-22T18:57:58.190950200
2024-08-22T18:57:58.332+03:30 ERROR 9368 --- [log-generator] [http-nio-8080-exec-6] c.l.l.l.h.AllServicesLoggingHandler      : Process: execution(Page com.log_generator.log_generator.service.GeneratorService.getAllGenerator()) By User {Taken From Token} Start Time: 2024-08-22T18:57:58.327955 End Time:2024-08-22T18:57:58.332949800
2024-08-22T18:57:58.510+03:30 ERROR 9368 --- [log-generator] [http-nio-8080-exec-7] c.l.l.l.h.AllServicesLoggingHandler      : Process: execution(Page com.log_generator.log_generator.service.GeneratorService.getAllGenerator()) By User {Taken From Token} Start Time: 2024-08-22T18:57:58.502048500 End Time:2024-08-22T18:57:58.510047900
2024-08-22T18:57:58.657+03:30 ERROR 9368 --- [log-generator] [http-nio-8080-exec-9] c.l.l.l.h.AllServicesLoggingHandler      : Process: execution(Page com.log_generator.log_generator.service.GeneratorService.getAllGenerator()) By User {Taken From Token} Start Time: 2024-08-22T18:57:58.652366700 End Time:2024-08-22T18:57:58.657367400
2024-08-22T18:57:58.830+03:30 ERROR 9368 --- [log-generator] [http-nio-8080-exec-8] c.l.l.l.h.AllServicesLoggingHandler      : Process: execution(Page com.log_generator.log_generator.service.GeneratorService.getAllGenerator()) By User {Taken From Token} Start Time: 2024-08-22T18:57:58.825850700 End Time:2024-08-22T18:57:58.830844600
2024-08-22T18:57:58.977+03:30 ERROR 9368 --- [log-generator] [http-nio-8080-exec-10] c.l.l.l.h.AllServicesLoggingHandler      : Process: execution(Page com.log_generator.log_generator.service.GeneratorService.getAllGenerator()) By User {Taken From Token} Start Time: 2024-08-22T18:57:58.973130300 End Time:2024-08-22T18:57:58.976128800
2024-08-22T18:57:59.144+03:30 ERROR 9368 --- [log-generator] [http-nio-8080-exec-1] c.l.l.l.h.AllServicesLoggingHandler      : Process: execution(Page com.log_generator.log_generator.service.GeneratorService.getAllGenerator()) By User {Taken From Token} Start Time: 2024-08-22T18:57:59.138132900 End Time:2024-08-22T18:57:59.144124800
2024-08-22T18:57:59.329+03:30 ERROR 9368 --- [log-generator] [http-nio-8080-exec-3] c.l.l.l.h.AllServicesLoggingHandler      : Process: execution(Page com.log_generator.log_generator.service.GeneratorService.getAllGenerator()) By User {Taken From Token} Start Time: 2024-08-22T18:57:59.325894600 End Time:2024-08-22T18:57:59.329890600
2024-08-22T18:57:59.490+03:30 ERROR 9368 --- [log-generator] [http-nio-8080-exec-2] c.l.l.l.h.AllServicesLoggingHandler      : Process: execution(Page com.log_generator.log_generator.service.GeneratorService.getAllGenerator()) By User {Taken From Token} Start Time: 2024-08-22T18:57:59.485741100 End Time:2024-08-22T18:57:59.490741400
2024-08-22T18:57:59.665+03:30 ERROR 9368 --- [log-generator] [http-nio-8080-exec-4] c.l.l.l.h.AllServicesLoggingHandler      : Process: execution(Page com.log_generator.log_generator.service.GeneratorService.getAllGenerator()) By User {Taken From Token} Start Time: 2024-08-22T18:57:59.660988200 End Time:2024-08-22T18:57:59.665492800
2024-08-22T18:57:59.831+03:30 ERROR 9368 --- [log-generator] [http-nio-8080-exec-5] c.l.l.l.h.AllServicesLoggingHandler      : Process: execution(Page com.log_generator.log_generator.service.GeneratorService.getAllGenerator()) By User {Taken From Token} Start Time: 2024-08-22T18:57:59.826461800 End Time:2024-08-22T18:57:59.831651700
2024-08-22T18:58:00.006+03:30 ERROR 9368 --- [log-generator] [http-nio-8080-exec-6] c.l.l.l.h.AllServicesLoggingHandler      : Process: execution(Page com.log_generator.log_generator.service.GeneratorService.getAllGenerator()) By User {Taken From Token} Start Time: 2024-08-22T18:57:59.998245700 End Time:2024-08-22T18:58:00.005245200
2024-08-22T18:58:00.167+03:30 ERROR 9368 --- [log-generator] [http-nio-8080-exec-7] c.l.l.l.h.AllServicesLoggingHandler      : Process: execution(Page com.log_generator.log_generator.service.GeneratorService.getAllGenerator()) By User {Taken From Token} Start Time: 2024-08-22T18:58:00.162005900 End Time:2024-08-22T18:58:00.166005700
2024-08-22T18:58:00.332+03:30 ERROR 9368 --- [log-generator] [http-nio-8080-exec-9] c.l.l.l.h.AllServicesLoggingHandler      : Process: execution(Page com.log_generator.log_generator.service.GeneratorService.getAllGenerator()) By User {Taken From Token} Start Time: 2024-08-22T18:58:00.327865700 End Time:2024-08-22T18:58:00.332861900
2024-08-22T18:58:00.511+03:30 ERROR 9368 --- [log-generator] [http-nio-8080-exec-8] c.l.l.l.h.AllServicesLoggingHandler      : Process: execution(Page com.log_generator.log_generator.service.GeneratorService.getAllGenerator()) By User {Taken From Token} Start Time: 2024-08-22T18:58:00.508079300 End Time:2024-08-22T18:58:00.511081600
2024-08-22T18:58:00.679+03:30 ERROR 9368 --- [log-generator] [http-nio-8080-exec-10] c.l.l.l.h.AllServicesLoggingHandler      : Process: execution(Page com.log_generator.log_generator.service.GeneratorService.getAllGenerator()) By User {Taken From Token} Start Time: 2024-08-22T18:58:00.676266600 End Time:2024-08-22T18:58:00.679745400
2024-08-22T18:58:00.864+03:30 ERROR 9368 --- [log-generator] [http-nio-8080-exec-1] c.l.l.l.h.AllServicesLoggingHandler      : Process: execution(Page com.log_generator.log_generator.service.GeneratorService.getAllGenerator()) By User {Taken From Token} Start Time: 2024-08-22T18:58:00.860138200 End Time:2024-08-22T18:58:00.864140200
2024-08-22T18:58:01.026+03:30 ERROR 9368 --- [log-generator] [http-nio-8080-exec-3] c.l.l.l.h.AllServicesLoggingHandler      : Process: execution(Page com.log_generator.log_generator.service.GeneratorService.getAllGenerator()) By User {Taken From Token} Start Time: 2024-08-22T18:58:01.021843200 End Time:2024-08-22T18:58:01.026844200
2024-08-22T18:58:01.196+03:30 ERROR 9368 --- [log-generator] [http-nio-8080-exec-2] c.l.l.l.h.AllServicesLoggingHandler      : Process: execution(Page com.log_generator.log_generator.service.GeneratorService.getAllGenerator()) By User {Taken From Token} Start Time: 2024-08-22T18:58:01.192311500 End Time:2024-08-22T18:58:01.196309700
2024-08-22T18:58:01.385+03:30 ERROR 9368 --- [log-generator] [http-nio-8080-exec-4] c.l.l.l.h.AllServicesLoggingHandler      : Process: execution(Page com.log_generator.log_generator.service.GeneratorService.getAllGenerator()) By User {Taken From Token} Start Time: 2024-08-22T18:58:01.381326 End Time:2024-08-22T18:58:01.384730800
2024-08-22T18:58:01.571+03:30 ERROR 9368 --- [log-generator] [http-nio-8080-exec-5] c.l.l.l.h.AllServicesLoggingHandler      : Process: execution(Page com.log_generator.log_generator.service.GeneratorService.getAllGenerator()) By User {Taken From Token} Start Time: 2024-08-22T18:58:01.567356400 End Time:2024-08-22T18:58:01.571357100
2024-08-22T18:58:01.742+03:30 ERROR 9368 --- [log-generator] [http-nio-8080-exec-6] c.l.l.l.h.AllServicesLoggingHandler      : Process: execution(Page com.log_generator.log_generator.service.GeneratorService.getAllGenerator()) By User {Taken From Token} Start Time: 2024-08-22T18:58:01.736906300 End Time:2024-08-22T18:58:01.742033400
2024-08-22T18:58:01.917+03:30 ERROR 9368 --- [log-generator] [http-nio-8080-exec-7] c.l.l.l.h.AllServicesLoggingHandler      : Process: execution(Page com.log_generator.log_generator.service.GeneratorService.getAllGenerator()) By User {Taken From Token} Start Time: 2024-08-22T18:58:01.907215800 End Time:2024-08-22T18:58:01.916211800
2024-08-22T18:58:02.107+03:30 ERROR 9368 --- [log-generator] [http-nio-8080-exec-9] c.l.l.l.h.AllServicesLoggingHandler      : Process: execution(Page com.log_generator.log_generator.service.GeneratorService.getAllGenerator()) By User {Taken From Token} Start Time: 2024-08-22T18:58:02.099134 End Time:2024-08-22T18:58:02.107133500
2024-08-22T18:58:02.256+03:30 ERROR 9368 --- [log-generator] [http-nio-8080-exec-8] c.l.l.l.h.AllServicesLoggingHandler      : Process: execution(Page com.log_generator.log_generator.service.GeneratorService.getAllGenerator()) By User {Taken From Token} Start Time: 2024-08-22T18:58:02.251053200 End Time:2024-08-22T18:58:02.256054
2024-08-22T18:58:02.431+03:30 ERROR 9368 --- [log-generator] [http-nio-8080-exec-10] c.l.l.l.h.AllServicesLoggingHandler      : Process: execution(Page com.log_generator.log_generator.service.GeneratorService.getAllGenerator()) By User {Taken From Token} Start Time: 2024-08-22T18:58:02.428269800 End Time:2024-08-22T18:58:02.431266500
2024-08-22T18:58:02.618+03:30 ERROR 9368 --- [log-generator] [http-nio-8080-exec-1] c.l.l.l.h.AllServicesLoggingHandler      : Process: execution(Page com.log_generator.log_generator.service.GeneratorService.getAllGenerator()) By User {Taken From Token} Start Time: 2024-08-22T18:58:02.614184 End Time:2024-08-22T18:58:02.618183700
2024-08-22T18:58:02.795+03:30 ERROR 9368 --- [log-generator] [http-nio-8080-exec-3] c.l.l.l.h.AllServicesLoggingHandler      : Process: execution(Page com.log_generator.log_generator.service.GeneratorService.getAllGenerator()) By User {Taken From Token} Start Time: 2024-08-22T18:58:02.792103700 End Time:2024-08-22T18:58:02.795110100
2024-08-22T18:58:02.977+03:30 ERROR 9368 --- [log-generator] [http-nio-8080-exec-2] c.l.l.l.h.AllServicesLoggingHandler      : Process: execution(Page com.log_generator.log_generator.service.GeneratorService.getAllGenerator()) By User {Taken From Token} Start Time: 2024-08-22T18:58:02.974778 End Time:2024-08-22T18:58:02.977903600
2024-08-22T18:58:03.155+03:30 ERROR 9368 --- [log-generator] [http-nio-8080-exec-4] c.l.l.l.h.AllServicesLoggingHandler      : Process: execution(Page com.log_generator.log_generator.service.GeneratorService.getAllGenerator()) By User {Taken From Token} Start Time: 2024-08-22T18:58:03.151273300 End Time:2024-08-22T18:58:03.155102
2024-08-22T18:58:03.333+03:30 ERROR 9368 --- [log-generator] [http-nio-8080-exec-5] c.l.l.l.h.AllServicesLoggingHandler      : Process: execution(Page com.log_generator.log_generator.service.GeneratorService.getAllGenerator()) By User {Taken From Token} Start Time: 2024-08-22T18:58:03.328656900 End Time:2024-08-22T18:58:03.333656100
2024-08-22T18:58:03.486+03:30 ERROR 9368 --- [log-generator] [http-nio-8080-exec-6] c.l.l.l.h.AllServicesLoggingHandler      : Process: execution(Page com.log_generator.log_generator.service.GeneratorService.getAllGenerator()) By User {Taken From Token} Start Time: 2024-08-22T18:58:03.482146900 End Time:2024-08-22T18:58:03.486150500
2024-08-22T18:58:03.664+03:30 ERROR 9368 --- [log-generator] [http-nio-8080-exec-7] c.l.l.l.h.AllServicesLoggingHandler      : Process: execution(Page com.log_generator.log_generator.service.GeneratorService.getAllGenerator()) By User {Taken From Token} Start Time: 2024-08-22T18:58:03.661117200 End Time:2024-08-22T18:58:03.664112700
2024-08-22T18:58:03.857+03:30 ERROR 9368 --- [log-generator] [http-nio-8080-exec-9] c.l.l.l.h.AllServicesLoggingHandler      : Process: execution(Page com.log_generator.log_generator.service.GeneratorService.getAllGenerator()) By User {Taken From Token} Start Time: 2024-08-22T18:58:03.854976900 End Time:2024-08-22T18:58:03.857975500
2024-08-22T18:58:04.033+03:30 ERROR 9368 --- [log-generator] [http-nio-8080-exec-8] c.l.l.l.h.AllServicesLoggingHandler      : Process: execution(Page com.log_generator.log_generator.service.GeneratorService.getAllGenerator()) By User {Taken From Token} Start Time: 2024-08-22T18:58:04.029630400 End Time:2024-08-22T18:58:04.033640700
2024-08-22T18:58:04.188+03:30 ERROR 9368 --- [log-generator] [http-nio-8080-exec-10] c.l.l.l.h.AllServicesLoggingHandler      : Process: execution(Page com.log_generator.log_generator.service.GeneratorService.getAllGenerator()) By User {Taken From Token} Start Time: 2024-08-22T18:58:04.184541900 End Time:2024-08-22T18:58:04.188540400
2024-08-22T18:58:04.369+03:30 ERROR 9368 --- [log-generator] [http-nio-8080-exec-1] c.l.l.l.h.AllServicesLoggingHandler      : Process: execution(Page com.log_generator.log_generator.service.GeneratorService.getAllGenerator()) By User {Taken From Token} Start Time: 2024-08-22T18:58:04.364728600 End Time:2024-08-22T18:58:04.369728200
2024-08-22T18:58:04.538+03:30 ERROR 9368 --- [log-generator] [http-nio-8080-exec-3] c.l.l.l.h.AllServicesLoggingHandler      : Process: execution(Page com.log_generator.log_generator.service.GeneratorService.getAllGenerator()) By User {Taken From Token} Start Time: 2024-08-22T18:58:04.533263400 End Time:2024-08-22T18:58:04.538272100
2024-08-22T18:58:04.727+03:30 ERROR 9368 --- [log-generator] [http-nio-8080-exec-2] c.l.l.l.h.AllServicesLoggingHandler      : Process: execution(Page com.log_generator.log_generator.service.GeneratorService.getAllGenerator()) By User {Taken From Token} Start Time: 2024-08-22T18:58:04.723265100 End Time:2024-08-22T18:58:04.727021600
2024-08-22T18:58:04.892+03:30 ERROR 9368 --- [log-generator] [http-nio-8080-exec-4] c.l.l.l.h.AllServicesLoggingHandler      : Process: execution(Page com.log_generator.log_generator.service.GeneratorService.getAllGenerator()) By User {Taken From Token} Start Time: 2024-08-22T18:58:04.888344400 End Time:2024-08-22T18:58:04.892345600
2024-08-22T18:58:05.072+03:30 ERROR 9368 --- [log-generator] [http-nio-8080-exec-5] c.l.l.l.h.AllServicesLoggingHandler      : Process: execution(Page com.log_generator.log_generator.service.GeneratorService.getAllGenerator()) By User {Taken From Token} Start Time: 2024-08-22T18:58:05.068340800 End Time:2024-08-22T18:58:05.072340900
2024-08-22T18:58:05.237+03:30 ERROR 9368 --- [log-generator] [http-nio-8080-exec-6] c.l.l.l.h.AllServicesLoggingHandler      : Process: execution(Page com.log_generator.log_generator.service.GeneratorService.getAllGenerator()) By User {Taken From Token} Start Time: 2024-08-22T18:58:05.234787700 End Time:2024-08-22T18:58:05.236789100
2024-08-22T18:58:05.420+03:30 ERROR 9368 --- [log-generator] [http-nio-8080-exec-7] c.l.l.l.h.AllServicesLoggingHandler      : Process: execution(Page com.log_generator.log_generator.service.GeneratorService.getAllGenerator()) By User {Taken From Token} Start Time: 2024-08-22T18:58:05.417051200 End Time:2024-08-22T18:58:05.419054800
2024-08-22T18:58:05.611+03:30 ERROR 9368 --- [log-generator] [http-nio-8080-exec-9] c.l.l.l.h.AllServicesLoggingHandler      : Process: execution(Page com.log_generator.log_generator.service.GeneratorService.getAllGenerator()) By User {Taken From Token} Start Time: 2024-08-22T18:58:05.608167500 End Time:2024-08-22T18:58:05.611168900
2024-08-22T18:58:05.782+03:30 ERROR 9368 --- [log-generator] [http-nio-8080-exec-8] c.l.l.l.h.AllServicesLoggingHandler      : Process: execution(Page com.log_generator.log_generator.service.GeneratorService.getAllGenerator()) By User {Taken From Token} Start Time: 2024-08-22T18:58:05.776665700 End Time:2024-08-22T18:58:05.782667700
2024-08-22T18:58:05.972+03:30 ERROR 9368 --- [log-generator] [http-nio-8080-exec-10] c.l.l.l.h.AllServicesLoggingHandler      : Process: execution(Page com.log_generator.log_generator.service.GeneratorService.getAllGenerator()) By User {Taken From Token} Start Time: 2024-08-22T18:58:05.966375900 End Time:2024-08-22T18:58:05.972375200
2024-08-22T18:58:06.153+03:30 ERROR 9368 --- [log-generator] [http-nio-8080-exec-1] c.l.l.l.h.AllServicesLoggingHandler      : Process: execution(Page com.log_generator.log_generator.service.GeneratorService.getAllGenerator()) By User {Taken From Token} Start Time: 2024-08-22T18:58:06.144378900 End Time:2024-08-22T18:58:06.153376600
2024-08-22T18:58:06.331+03:30 ERROR 9368 --- [log-generator] [http-nio-8080-exec-3] c.l.l.l.h.AllServicesLoggingHandler      : Process: execution(Page com.log_generator.log_generator.service.GeneratorService.getAllGenerator()) By User {Taken From Token} Start Time: 2024-08-22T18:58:06.327606100 End Time:2024-08-22T18:58:06.331607400
2024-08-22T18:58:06.498+03:30 ERROR 9368 --- [log-generator] [http-nio-8080-exec-2] c.l.l.l.h.AllServicesLoggingHandler      : Process: execution(Page com.log_generator.log_generator.service.GeneratorService.getAllGenerator()) By User {Taken From Token} Start Time: 2024-08-22T18:58:06.494609700 End Time:2024-08-22T18:58:06.498608600
2024-08-22T18:58:06.681+03:30 ERROR 9368 --- [log-generator] [http-nio-8080-exec-4] c.l.l.l.h.AllServicesLoggingHandler      : Process: execution(Page com.log_generator.log_generator.service.GeneratorService.getAllGenerator()) By User {Taken From Token} Start Time: 2024-08-22T18:58:06.675603300 End Time:2024-08-22T18:58:06.681605900
2024-08-22T18:58:06.847+03:30 ERROR 9368 --- [log-generator] [http-nio-8080-exec-5] c.l.l.l.h.AllServicesLoggingHandler      : Process: execution(Page com.log_generator.log_generator.service.GeneratorService.getAllGenerator()) By User {Taken From Token} Start Time: 2024-08-22T18:58:06.843597300 End Time:2024-08-22T18:58:06.846596900
2024-08-22T18:58:07.023+03:30 ERROR 9368 --- [log-generator] [http-nio-8080-exec-6] c.l.l.l.h.AllServicesLoggingHandler      : Process: execution(Page com.log_generator.log_generator.service.GeneratorService.getAllGenerator()) By User {Taken From Token} Start Time: 2024-08-22T18:58:07.019938400 End Time:2024-08-22T18:58:07.023933800
2024-08-22T18:58:07.201+03:30 ERROR 9368 --- [log-generator] [http-nio-8080-exec-7] c.l.l.l.h.AllServicesLoggingHandler      : Process: execution(Page com.log_generator.log_generator.service.GeneratorService.getAllGenerator()) By User {Taken From Token} Start Time: 2024-08-22T18:58:07.198105800 End Time:2024-08-22T18:58:07.200113200
2024-08-22T18:58:07.375+03:30 ERROR 9368 --- [log-generator] [http-nio-8080-exec-9] c.l.l.l.h.AllServicesLoggingHandler      : Process: execution(Page com.log_generator.log_generator.service.GeneratorService.getAllGenerator()) By User {Taken From Token} Start Time: 2024-08-22T18:58:07.371279600 End Time:2024-08-22T18:58:07.375279500
2024-08-22T18:58:07.564+03:30 ERROR 9368 --- [log-generator] [http-nio-8080-exec-8] c.l.l.l.h.AllServicesLoggingHandler      : Process: execution(Page com.log_generator.log_generator.service.GeneratorService.getAllGenerator()) By User {Taken From Token} Start Time: 2024-08-22T18:58:07.558095300 End Time:2024-08-22T18:58:07.563091
2024-08-22T18:58:07.733+03:30 ERROR 9368 --- [log-generator] [http-nio-8080-exec-10] c.l.l.l.h.AllServicesLoggingHandler      : Process: execution(Page com.log_generator.log_generator.service.GeneratorService.getAllGenerator()) By User {Taken From Token} Start Time: 2024-08-22T18:58:07.727156100 End Time:2024-08-22T18:58:07.732156500
2024-08-22T18:58:07.930+03:30 ERROR 9368 --- [log-generator] [http-nio-8080-exec-1] c.l.l.l.h.AllServicesLoggingHandler      : Process: execution(Page com.log_generator.log_generator.service.GeneratorService.getAllGenerator()) By User {Taken From Token} Start Time: 2024-08-22T18:58:07.926827100 End Time:2024-08-22T18:58:07.930822100
2024-08-22T18:58:08.113+03:30 ERROR 9368 --- [log-generator] [http-nio-8080-exec-3] c.l.l.l.h.AllServicesLoggingHandler      : Process: execution(Page com.log_generator.log_generator.service.GeneratorService.getAllGenerator()) By User {Taken From Token} Start Time: 2024-08-22T18:58:08.110570200 End Time:2024-08-22T18:58:08.113569800
2024-08-22T18:58:08.302+03:30 ERROR 9368 --- [log-generator] [http-nio-8080-exec-2] c.l.l.l.h.AllServicesLoggingHandler      : Process: execution(Page com.log_generator.log_generator.service.GeneratorService.getAllGenerator()) By User {Taken From Token} Start Time: 2024-08-22T18:58:08.299230300 End Time:2024-08-22T18:58:08.302217800
2024-08-22T18:58:08.470+03:30 ERROR 9368 --- [log-generator] [http-nio-8080-exec-4] c.l.l.l.h.AllServicesLoggingHandler      : Process: execution(Page com.log_generator.log_generator.service.GeneratorService.getAllGenerator()) By User {Taken From Token} Start Time: 2024-08-22T18:58:08.467819300 End Time:2024-08-22T18:58:08.469813400
2024-08-22T18:58:08.652+03:30 ERROR 9368 --- [log-generator] [http-nio-8080-exec-5] c.l.l.l.h.AllServicesLoggingHandler      : Process: execution(Page com.log_generator.log_generator.service.GeneratorService.getAllGenerator()) By User {Taken From Token} Start Time: 2024-08-22T18:58:08.646835 End Time:2024-08-22T18:58:08.652822600
2024-08-22T18:58:08.837+03:30 ERROR 9368 --- [log-generator] [http-nio-8080-exec-6] c.l.l.l.h.AllServicesLoggingHandler      : Process: execution(Page com.log_generator.log_generator.service.GeneratorService.getAllGenerator()) By User {Taken From Token} Start Time: 2024-08-22T18:58:08.831050200 End Time:2024-08-22T18:58:08.837050900
2024-08-22T18:58:09.016+03:30 ERROR 9368 --- [log-generator] [http-nio-8080-exec-7] c.l.l.l.h.AllServicesLoggingHandler      : Process: execution(Page com.log_generator.log_generator.service.GeneratorService.getAllGenerator()) By User {Taken From Token} Start Time: 2024-08-22T18:58:09.012551100 End Time:2024-08-22T18:58:09.015544
2024-08-22T18:58:09.204+03:30 ERROR 9368 --- [log-generator] [http-nio-8080-exec-9] c.l.l.l.h.AllServicesLoggingHandler      : Process: execution(Page com.log_generator.log_generator.service.GeneratorService.getAllGenerator()) By User {Taken From Token} Start Time: 2024-08-22T18:58:09.199715700 End Time:2024-08-22T18:58:09.204709300
2024-08-22T18:58:09.373+03:30 ERROR 9368 --- [log-generator] [http-nio-8080-exec-8] c.l.l.l.h.AllServicesLoggingHandler      : Process: execution(Page com.log_generator.log_generator.service.GeneratorService.getAllGenerator()) By User {Taken From Token} Start Time: 2024-08-22T18:58:09.371057600 End Time:2024-08-22T18:58:09.373064600
2024-08-22T18:58:09.565+03:30 ERROR 9368 --- [log-generator] [http-nio-8080-exec-10] c.l.l.l.h.AllServicesLoggingHandler      : Process: execution(Page com.log_generator.log_generator.service.GeneratorService.getAllGenerator()) By User {Taken From Token} Start Time: 2024-08-22T18:58:09.561800900 End Time:2024-08-22T18:58:09.565792600
2024-08-22T18:58:09.757+03:30 ERROR 9368 --- [log-generator] [http-nio-8080-exec-1] c.l.l.l.h.AllServicesLoggingHandler      : Process: execution(Page com.log_generator.log_generator.service.GeneratorService.getAllGenerator()) By User {Taken From Token} Start Time: 2024-08-22T18:58:09.753628200 End Time:2024-08-22T18:58:09.757628900
2024-08-22T18:58:09.922+03:30 ERROR 9368 --- [log-generator] [http-nio-8080-exec-3] c.l.l.l.h.AllServicesLoggingHandler      : Process: execution(Page com.log_generator.log_generator.service.GeneratorService.getAllGenerator()) By User {Taken From Token} Start Time: 2024-08-22T18:58:09.918627100 End Time:2024-08-22T18:58:09.922629400
2024-08-22T18:58:10.089+03:30 ERROR 9368 --- [log-generator] [http-nio-8080-exec-2] c.l.l.l.h.AllServicesLoggingHandler      : Process: execution(Page com.log_generator.log_generator.service.GeneratorService.getAllGenerator()) By User {Taken From Token} Start Time: 2024-08-22T18:58:10.085629200 End Time:2024-08-22T18:58:10.089629100
2024-08-22T18:58:10.443+03:30 ERROR 9368 --- [log-generator] [http-nio-8080-exec-4] c.l.l.l.h.AllServicesLoggingHandler      : Process: execution(Page com.log_generator.log_generator.service.GeneratorService.getAllGenerator()) By User {Taken From Token} Start Time: 2024-08-22T18:58:10.440518700 End Time:2024-08-22T18:58:10.443518100
2024-08-22T18:58:10.651+03:30 ERROR 9368 --- [log-generator] [http-nio-8080-exec-5] c.l.l.l.h.AllServicesLoggingHandler      : Process: execution(Page com.log_generator.log_generator.service.GeneratorService.getAllGenerator()) By User {Taken From Token} Start Time: 2024-08-22T18:58:10.647141800 End Time:2024-08-22T18:58:10.651143200
2024-08-22T18:58:10.819+03:30 ERROR 9368 --- [log-generator] [http-nio-8080-exec-6] c.l.l.l.h.AllServicesLoggingHandler      : Process: execution(Page com.log_generator.log_generator.service.GeneratorService.getAllGenerator()) By User {Taken From Token} Start Time: 2024-08-22T18:58:10.815532100 End Time:2024-08-22T18:58:10.819526
2024-08-22T18:58:10.995+03:30 ERROR 9368 --- [log-generator] [http-nio-8080-exec-7] c.l.l.l.h.AllServicesLoggingHandler      : Process: execution(Page com.log_generator.log_generator.service.GeneratorService.getAllGenerator()) By User {Taken From Token} Start Time: 2024-08-22T18:58:10.992529200 End Time:2024-08-22T18:58:10.995530200
2024-08-22T18:58:11.162+03:30 ERROR 9368 --- [log-generator] [http-nio-8080-exec-9] c.l.l.l.h.AllServicesLoggingHandler      : Process: execution(Page com.log_generator.log_generator.service.GeneratorService.getAllGenerator()) By User {Taken From Token} Start Time: 2024-08-22T18:58:11.158529400 End Time:2024-08-22T18:58:11.162527200
2024-08-22T18:58:11.445+03:30 ERROR 9368 --- [log-generator] [http-nio-8080-exec-8] c.l.l.l.h.AllServicesLoggingHandler      : Process: execution(Page com.log_generator.log_generator.service.GeneratorService.getAllGenerator()) By User {Taken From Token} Start Time: 2024-08-22T18:58:11.442903600 End Time:2024-08-22T18:58:11.445908600
2024-08-22T18:58:11.698+03:30 ERROR 9368 --- [log-generator] [http-nio-8080-exec-10] c.l.l.l.h.AllServicesLoggingHandler      : Process: execution(Page com.log_generator.log_generator.service.GeneratorService.getAllGenerator()) By User {Taken From Token} Start Time: 2024-08-22T18:58:11.694221300 End Time:2024-08-22T18:58:11.698221500
2024-08-22T18:58:11.864+03:30 ERROR 9368 --- [log-generator] [http-nio-8080-exec-1] c.l.l.l.h.AllServicesLoggingHandler      : Process: execution(Page com.log_generator.log_generator.service.GeneratorService.getAllGenerator()) By User {Taken From Token} Start Time: 2024-08-22T18:58:11.860804 End Time:2024-08-22T18:58:11.863810800
2024-08-22T18:58:12.010+03:30 ERROR 9368 --- [log-generator] [http-nio-8080-exec-3] c.l.l.l.h.AllServicesLoggingHandler      : Process: execution(Page com.log_generator.log_generator.service.GeneratorService.getAllGenerator()) By User {Taken From Token} Start Time: 2024-08-22T18:58:12.006805600 End Time:2024-08-22T18:58:12.010801100
2024-08-22T18:58:12.129+03:30 ERROR 9368 --- [log-generator] [http-nio-8080-exec-2] c.l.l.l.h.AllServicesLoggingHandler      : Process: execution(Page com.log_generator.log_generator.service.GeneratorService.getAllGenerator()) By User {Taken From Token} Start Time: 2024-08-22T18:58:12.124443500 End Time:2024-08-22T18:58:12.129444500
2024-08-22T18:58:12.277+03:30 ERROR 9368 --- [log-generator] [http-nio-8080-exec-4] c.l.l.l.h.AllServicesLoggingHandler      : Process: execution(Page com.log_generator.log_generator.service.GeneratorService.getAllGenerator()) By User {Taken From Token} Start Time: 2024-08-22T18:58:12.274746800 End Time:2024-08-22T18:58:12.277748400
2024-08-22T18:58:12.417+03:30 ERROR 9368 --- [log-generator] [http-nio-8080-exec-5] c.l.l.l.h.AllServicesLoggingHandler      : Process: execution(Page com.log_generator.log_generator.service.GeneratorService.getAllGenerator()) By User {Taken From Token} Start Time: 2024-08-22T18:58:12.413691400 End Time:2024-08-22T18:58:12.416695200
2024-08-22T18:58:12.563+03:30 ERROR 9368 --- [log-generator] [http-nio-8080-exec-6] c.l.l.l.h.AllServicesLoggingHandler      : Process: execution(Page com.log_generator.log_generator.service.GeneratorService.getAllGenerator()) By User {Taken From Token} Start Time: 2024-08-22T18:58:12.557863 End Time:2024-08-22T18:58:12.563860600
2024-08-22T18:58:12.681+03:30 ERROR 9368 --- [log-generator] [http-nio-8080-exec-7] c.l.l.l.h.AllServicesLoggingHandler      : Process: execution(Page com.log_generator.log_generator.service.GeneratorService.getAllGenerator()) By User {Taken From Token} Start Time: 2024-08-22T18:58:12.676860700 End Time:2024-08-22T18:58:12.681863700
2024-08-22T18:58:12.828+03:30 ERROR 9368 --- [log-generator] [http-nio-8080-exec-9] c.l.l.l.h.AllServicesLoggingHandler      : Process: execution(Page com.log_generator.log_generator.service.GeneratorService.getAllGenerator()) By User {Taken From Token} Start Time: 2024-08-22T18:58:12.825288800 End Time:2024-08-22T18:58:12.828288
2024-08-22T18:58:12.981+03:30 ERROR 9368 --- [log-generator] [http-nio-8080-exec-8] c.l.l.l.h.AllServicesLoggingHandler      : Process: execution(Page com.log_generator.log_generator.service.GeneratorService.getAllGenerator()) By User {Taken From Token} Start Time: 2024-08-22T18:58:12.976061100 End Time:2024-08-22T18:58:12.981064500
2024-08-22T18:58:13.150+03:30 ERROR 9368 --- [log-generator] [http-nio-8080-exec-10] c.l.l.l.h.AllServicesLoggingHandler      : Process: execution(Page com.log_generator.log_generator.service.GeneratorService.getAllGenerator()) By User {Taken From Token} Start Time: 2024-08-22T18:58:13.145277900 End Time:2024-08-22T18:58:13.150283900
2024-08-22T18:58:13.422+03:30 ERROR 9368 --- [log-generator] [http-nio-8080-exec-1] c.l.l.l.h.AllServicesLoggingHandler      : Process: execution(Page com.log_generator.log_generator.service.GeneratorService.getAllGenerator()) By User {Taken From Token} Start Time: 2024-08-22T18:58:13.412347700 End Time:2024-08-22T18:58:13.422342800
2024-08-22T18:58:13.595+03:30 ERROR 9368 --- [log-generator] [http-nio-8080-exec-3] c.l.l.l.h.AllServicesLoggingHandler      : Process: execution(Page com.log_generator.log_generator.service.GeneratorService.getAllGenerator()) By User {Taken From Token} Start Time: 2024-08-22T18:58:13.580381900 End Time:2024-08-22T18:58:13.595380700
2024-08-22T18:58:13.734+03:30 ERROR 9368 --- [log-generator] [http-nio-8080-exec-2] c.l.l.l.h.AllServicesLoggingHandler      : Process: execution(Page com.log_generator.log_generator.service.GeneratorService.getAllGenerator()) By User {Taken From Token} Start Time: 2024-08-22T18:58:13.728731400 End Time:2024-08-22T18:58:13.734903200
2024-08-22T18:58:13.901+03:30 ERROR 9368 --- [log-generator] [http-nio-8080-exec-4] c.l.l.l.h.AllServicesLoggingHandler      : Process: execution(Page com.log_generator.log_generator.service.GeneratorService.getAllGenerator()) By User {Taken From Token} Start Time: 2024-08-22T18:58:13.898920 End Time:2024-08-22T18:58:13.901922200
2024-08-22T18:58:14.055+03:30 ERROR 9368 --- [log-generator] [http-nio-8080-exec-5] c.l.l.l.h.AllServicesLoggingHandler      : Process: execution(Page com.log_generator.log_generator.service.GeneratorService.getAllGenerator()) By User {Taken From Token} Start Time: 2024-08-22T18:58:14.052920200 End Time:2024-08-22T18:58:14.055921900
2024-08-22T18:58:14.198+03:30 ERROR 9368 --- [log-generator] [http-nio-8080-exec-6] c.l.l.l.h.AllServicesLoggingHandler      : Process: execution(Page com.log_generator.log_generator.service.GeneratorService.getAllGenerator()) By User {Taken From Token} Start Time: 2024-08-22T18:58:14.196404700 End Time:2024-08-22T18:58:14.198406500
2024-08-22T18:58:14.357+03:30 ERROR 9368 --- [log-generator] [http-nio-8080-exec-7] c.l.l.l.h.AllServicesLoggingHandler      : Process: execution(Page com.log_generator.log_generator.service.GeneratorService.getAllGenerator()) By User {Taken From Token} Start Time: 2024-08-22T18:58:14.354645900 End Time:2024-08-22T18:58:14.357643
2024-08-22T18:58:14.502+03:30 ERROR 9368 --- [log-generator] [http-nio-8080-exec-9] c.l.l.l.h.AllServicesLoggingHandler      : Process: execution(Page com.log_generator.log_generator.service.GeneratorService.getAllGenerator()) By User {Taken From Token} Start Time: 2024-08-22T18:58:14.498277200 End Time:2024-08-22T18:58:14.502271200
2024-08-22T18:58:14.688+03:30 ERROR 9368 --- [log-generator] [http-nio-8080-exec-8] c.l.l.l.h.AllServicesLoggingHandler      : Process: execution(Page com.log_generator.log_generator.service.GeneratorService.getAllGenerator()) By User {Taken From Token} Start Time: 2024-08-22T18:58:14.684220900 End Time:2024-08-22T18:58:14.688215200
2024-08-22T18:58:14.832+03:30 ERROR 9368 --- [log-generator] [http-nio-8080-exec-10] c.l.l.l.h.AllServicesLoggingHandler      : Process: execution(Page com.log_generator.log_generator.service.GeneratorService.getAllGenerator()) By User {Taken From Token} Start Time: 2024-08-22T18:58:14.830487500 End Time:2024-08-22T18:58:14.832493600
2024-08-22T18:58:14.991+03:30 ERROR 9368 --- [log-generator] [http-nio-8080-exec-1] c.l.l.l.h.AllServicesLoggingHandler      : Process: execution(Page com.log_generator.log_generator.service.GeneratorService.getAllGenerator()) By User {Taken From Token} Start Time: 2024-08-22T18:58:14.988348900 End Time:2024-08-22T18:58:14.991351100
2024-08-22T18:58:15.126+03:30 ERROR 9368 --- [log-generator] [http-nio-8080-exec-3] c.l.l.l.h.AllServicesLoggingHandler      : Process: execution(Page com.log_generator.log_generator.service.GeneratorService.getAllGenerator()) By User {Taken From Token} Start Time: 2024-08-22T18:58:15.122504900 End Time:2024-08-22T18:58:15.126503500
2024-08-22T18:58:15.297+03:30 ERROR 9368 --- [log-generator] [http-nio-8080-exec-2] c.l.l.l.h.AllServicesLoggingHandler      : Process: execution(Page com.log_generator.log_generator.service.GeneratorService.getAllGenerator()) By User {Taken From Token} Start Time: 2024-08-22T18:58:15.293165800 End Time:2024-08-22T18:58:15.297164100
2024-08-22T19:06:43.318+03:30  INFO 9368 --- [log-generator] [SpringApplicationShutdownHook] j.LocalContainerEntityManagerFactoryBean : Closing JPA EntityManagerFactory for persistence unit 'default'
2024-08-22T19:06:43.366+03:30  INFO 9368 --- [log-generator] [SpringApplicationShutdownHook] com.zaxxer.hikari.HikariDataSource       : HikariPool-1 - Shutdown initiated...
2024-08-22T19:06:43.511+03:30  INFO 9368 --- [log-generator] [SpringApplicationShutdownHook] com.zaxxer.hikari.HikariDataSource       : HikariPool-1 - Shutdown completed.
